	Command being timed: "../Demux.py -f1 /projects/bgmp/shared/2017_sequencing/1294_S1_L008_R1_001.fastq.gz -f2 /projects/bgmp/shared/2017_sequencing/1294_S1_L008_R2_001.fastq.gz -f3 /projects/bgmp/shared/2017_sequencing/1294_S1_L008_R3_001.fastq.gz -f4 /projects/bgmp/shared/2017_sequencing/1294_S1_L008_R4_001.fastq.gz -i /projects/bgmp/shared/2017_sequencing/indexes.txt"
	User time (seconds): 2974.01
	System time (seconds): 36.24
	Percent of CPU this job got: 73%
	Elapsed (wall clock) time (h:mm:ss or m:ss): 1:07:55
	Average shared text size (kbytes): 0
	Average unshared data size (kbytes): 0
	Average stack size (kbytes): 0
	Average total size (kbytes): 0
	Maximum resident set size (kbytes): 288104
	Average resident set size (kbytes): 0
	Major (requiring I/O) page faults: 0
	Minor (reclaiming a frame) page faults: 940093
	Voluntary context switches: 54713
	Involuntary context switches: 932
	Swaps: 0
	File system inputs: 0
	File system outputs: 0
	Socket messages sent: 0
	Socket messages received: 0
	Signals delivered: 0
	Page size (bytes): 4096
	Exit status: 0
